[NotebookApp | WARNING] No nbgrader_config.py file found (rerun with --debug to see where nbgrader is looking)
[NotebookApp | DEBUG] Searching ['/Users/robynmarowitz/earth-analytics/seafloor-objects', '/Users/robynmarowitz/.jupyter', '/Users/robynmarowitz/.local/etc/jupyter', '/Users/robynmarowitz/miniconda3/envs/earth-analytics-python/etc/jupyter', '/usr/local/etc/jupyter', '/etc/jupyter'] for config files
[NotebookApp | DEBUG] Looking for jupyter_config in /etc/jupyter
[NotebookApp | DEBUG] Looking for jupyter_config in /usr/local/etc/jupyter
[NotebookApp | DEBUG] Looking for jupyter_config in /Users/robynmarowitz/miniconda3/envs/earth-analytics-python/etc/jupyter
[NotebookApp | DEBUG] Looking for jupyter_config in /Users/robynmarowitz/.local/etc/jupyter
[NotebookApp | DEBUG] Looking for jupyter_config in /Users/robynmarowitz/.jupyter
[NotebookApp | DEBUG] Looking for jupyter_config in /Users/robynmarowitz/earth-analytics/seafloor-objects
[NotebookApp | DEBUG] Looking for nbgrader_config in /etc/jupyter
[NotebookApp | DEBUG] Looking for nbgrader_config in /usr/local/etc/jupyter
[NotebookApp | DEBUG] Looking for nbgrader_config in /Users/robynmarowitz/miniconda3/envs/earth-analytics-python/etc/jupyter
[NotebookApp | DEBUG] Looking for nbgrader_config in /Users/robynmarowitz/.local/etc/jupyter
[NotebookApp | DEBUG] Looking for nbgrader_config in /Users/robynmarowitz/.jupyter
[NotebookApp | DEBUG] Looking for nbgrader_config in /Users/robynmarowitz/earth-analytics/seafloor-objects
[NotebookApp | DEBUG] Looking for nbgrader_config in /Users/robynmarowitz/earth-analytics/seafloor-objects
[NotebookApp | WARNING] Config option `template_path` not recognized by `HTMLExporter`.  Did you mean one of: `extra_template_paths, template_name, template_paths`?
[NotebookApp | INFO] Loading the validate_assignment nbgrader serverextension
[NotebookApp | INFO] Serving notebooks from local directory: /Users/robynmarowitz/earth-analytics/seafloor-objects
[NotebookApp | INFO] Jupyter Notebook 6.4.12 is running at:
[NotebookApp | INFO] http://localhost:8888/?token=c88ad82e883efdade2b7f5fce15a799bd0929330dcc9ce53
[NotebookApp | INFO]  or http://127.0.0.1:8888/?token=c88ad82e883efdade2b7f5fce15a799bd0929330dcc9ce53
[NotebookApp | INFO] Use Control-C to stop this server and shut down all kernels (twice to skip confirmation).
[NotebookApp | CRITICAL] 
    
    To access the notebook, open this file in a browser:
        file:///Users/robynmarowitz/Library/Jupyter/runtime/nbserver-67783-open.html
    Or copy and paste one of these URLs:
        http://localhost:8888/?token=c88ad82e883efdade2b7f5fce15a799bd0929330dcc9ce53
     or http://127.0.0.1:8888/?token=c88ad82e883efdade2b7f5fce15a799bd0929330dcc9ce53
[NotebookApp | DEBUG] 200 GET /api/sessions?_=1681407360787 (::1) 4.160000ms
[NotebookApp | DEBUG] 200 GET /api/terminals?_=1681407360788 (::1) 2.510000ms
[NotebookApp | DEBUG] 200 GET /api/contents?type=directory&_=1681407360789 (::1) 2.420000ms
[NotebookApp | DEBUG] Accepting token-authenticated connection from ::1
[NotebookApp | DEBUG] Using contents: services/contents
[NotebookApp | DEBUG] Path base/images/favicon.ico served from /Users/robynmarowitz/miniconda3/envs/earth-analytics-python/lib/python3.8/site-packages/notebook/static/base/images/favicon.ico
[NotebookApp | DEBUG] Path components/jquery-ui/themes/smoothness/jquery-ui.min.css served from /Users/robynmarowitz/miniconda3/envs/earth-analytics-python/lib/python3.8/site-packages/notebook/static/components/jquery-ui/themes/smoothness/jquery-ui.min.css
[NotebookApp | DEBUG] Path components/jquery-typeahead/dist/jquery.typeahead.min.css served from /Users/robynmarowitz/miniconda3/envs/earth-analytics-python/lib/python3.8/site-packages/notebook/static/components/jquery-typeahead/dist/jquery.typeahead.min.css
[NotebookApp | DEBUG] Path style/style.min.css served from /Users/robynmarowitz/miniconda3/envs/earth-analytics-python/lib/python3.8/site-packages/notebook/static/style/style.min.css
[NotebookApp | DEBUG] Path components/es6-promise/promise.min.js served from /Users/robynmarowitz/miniconda3/envs/earth-analytics-python/lib/python3.8/site-packages/notebook/static/components/es6-promise/promise.min.js
[NotebookApp | DEBUG] Path components/react/react.production.min.js served from /Users/robynmarowitz/miniconda3/envs/earth-analytics-python/lib/python3.8/site-packages/notebook/static/components/react/react.production.min.js
[NotebookApp | DEBUG] Path components/react/react-dom.production.min.js served from /Users/robynmarowitz/miniconda3/envs/earth-analytics-python/lib/python3.8/site-packages/notebook/static/components/react/react-dom.production.min.js
[NotebookApp | DEBUG] Path components/create-react-class/index.js served from /Users/robynmarowitz/miniconda3/envs/earth-analytics-python/lib/python3.8/site-packages/notebook/static/components/create-react-class/index.js
[NotebookApp | DEBUG] Path components/requirejs/require.js served from /Users/robynmarowitz/miniconda3/envs/earth-analytics-python/lib/python3.8/site-packages/notebook/static/components/requirejs/require.js
[NotebookApp | DEBUG] Path base/images/logo.png served from /Users/robynmarowitz/miniconda3/envs/earth-analytics-python/lib/python3.8/site-packages/notebook/static/base/images/logo.png
[NotebookApp | DEBUG] Path tree/js/main.min.js served from /Users/robynmarowitz/miniconda3/envs/earth-analytics-python/lib/python3.8/site-packages/notebook/static/tree/js/main.min.js
[NotebookApp | DEBUG] 200 GET /tree?token=c88ad82e883efdade2b7f5fce15a799bd0929330dcc9ce53 (::1) 54.840000ms
[NotebookApp | DEBUG] Path custom.css served from /Users/robynmarowitz/miniconda3/envs/earth-analytics-python/lib/python3.8/site-packages/notebook/static/custom/custom.css
[NotebookApp | DEBUG] 304 GET /custom/custom.css (::1) 0.910000ms
[NotebookApp | DEBUG] Path services/contents.js served from /Users/robynmarowitz/miniconda3/envs/earth-analytics-python/lib/python3.8/site-packages/notebook/static/services/contents.js
[NotebookApp | DEBUG] 200 GET /static/services/contents.js?v=20230413113634 (::1) 2.140000ms
[NotebookApp | DEBUG] Paths used for configuration of tree: 
    	/etc/jupyter/nbconfig/tree.json
[NotebookApp | DEBUG] Paths used for configuration of tree: 
    	/usr/local/etc/jupyter/nbconfig/tree.json
[NotebookApp | DEBUG] Paths used for configuration of tree: 
    	/Users/robynmarowitz/miniconda3/envs/earth-analytics-python/etc/jupyter/nbconfig/tree.json
[NotebookApp | DEBUG] Paths used for configuration of tree: 
    	/Users/robynmarowitz/.local/etc/jupyter/nbconfig/tree.json
[NotebookApp | DEBUG] Paths used for configuration of tree: 
    	/Users/robynmarowitz/.jupyter/nbconfig/tree.json
[NotebookApp | DEBUG] 200 GET /api/config/tree?_=1681407396816 (::1) 5.950000ms
[NotebookApp | DEBUG] Paths used for configuration of common: 
    	/etc/jupyter/nbconfig/common.json
[NotebookApp | DEBUG] Paths used for configuration of common: 
    	/usr/local/etc/jupyter/nbconfig/common.json
[NotebookApp | DEBUG] Paths used for configuration of common: 
    	/Users/robynmarowitz/miniconda3/envs/earth-analytics-python/etc/jupyter/nbconfig/common.json
[NotebookApp | DEBUG] Paths used for configuration of common: 
    	/Users/robynmarowitz/.local/etc/jupyter/nbconfig/common.json
[NotebookApp | DEBUG] Paths used for configuration of common: 
    	/Users/robynmarowitz/.jupyter/nbconfig/common.json
[NotebookApp | DEBUG] 200 GET /api/config/common?_=1681407396817 (::1) 6.280000ms
[NotebookApp | DEBUG] 200 GET /api/terminals?_=1681407396818 (::1) 2.420000ms
[NotebookApp | DEBUG] Found kernel python3 in /Users/robynmarowitz/miniconda3/envs/earth-analytics-python/share/jupyter/kernels
[NotebookApp | DEBUG] 304 GET /api/kernelspecs (::1) 83.640000ms
[NotebookApp | DEBUG] 200 GET /api/sessions?_=1681407396819 (::1) 83.520000ms
[NotebookApp | DEBUG] 200 GET /api/terminals?_=1681407396820 (::1) 83.340000ms
[NotebookApp | DEBUG] Path nbextensions_configurator/tree_tab/main.js served from /Users/robynmarowitz/miniconda3/envs/earth-analytics-python/lib/python3.8/site-packages/jupyter_nbextensions_configurator/static/nbextensions_configurator/tree_tab/main.js
[NotebookApp | DEBUG] 200 GET /nbextensions/nbextensions_configurator/tree_tab/main.js?v=20230413113634 (::1) 1.590000ms
[NotebookApp | DEBUG] Path formgrader/main.js served from /Users/robynmarowitz/miniconda3/envs/earth-analytics-python/share/jupyter/nbextensions/formgrader/main.js
[NotebookApp | DEBUG] 200 GET /nbextensions/formgrader/main.js?v=20230413113634 (::1) 1.700000ms
[NotebookApp | DEBUG] Path custom.js served from /Users/robynmarowitz/miniconda3/envs/earth-analytics-python/lib/python3.8/site-packages/notebook/static/custom/custom.js
[NotebookApp | DEBUG] 200 GET /custom/custom.js?v=20230413113634 (::1) 1.940000ms
[NotebookApp | DEBUG] Path assignment_list/main.js served from /Users/robynmarowitz/miniconda3/envs/earth-analytics-python/share/jupyter/nbextensions/assignment_list/main.js
[NotebookApp | DEBUG] 200 GET /nbextensions/assignment_list/main.js?v=20230413113634 (::1) 2.220000ms
[NotebookApp | DEBUG] 200 GET /api/contents?type=directory&_=1681407396821 (::1) 1.020000ms
[NotebookApp | DEBUG] Path nbextensions_configurator/main.js served from /Users/robynmarowitz/miniconda3/envs/earth-analytics-python/lib/python3.8/site-packages/jupyter_nbextensions_configurator/static/nbextensions_configurator/main.js
[NotebookApp | DEBUG] 200 GET /nbextensions/nbextensions_configurator/main.js?v=20230413113634 (::1) 0.940000ms
[NotebookApp | DEBUG] Path nbextensions_configurator/render/render.js served from /Users/robynmarowitz/miniconda3/envs/earth-analytics-python/lib/python3.8/site-packages/jupyter_nbextensions_configurator/static/nbextensions_configurator/render/render.js
[NotebookApp | DEBUG] 200 GET /nbextensions/nbextensions_configurator/render/render.js?v=20230413113634 (::1) 0.880000ms
[NotebookApp | DEBUG] Path assignment_list/assignment_list.js served from /Users/robynmarowitz/miniconda3/envs/earth-analytics-python/share/jupyter/nbextensions/assignment_list/assignment_list.js
[NotebookApp | DEBUG] 200 GET /nbextensions/assignment_list/assignment_list.js?v=20230413113634 (::1) 0.760000ms
[NotebookApp | DEBUG] Path base/js/security.js served from /Users/robynmarowitz/miniconda3/envs/earth-analytics-python/lib/python3.8/site-packages/notebook/static/base/js/security.js
[NotebookApp | DEBUG] 200 GET /static/base/js/security.js?v=20230413113634 (::1) 0.880000ms
[NotebookApp | DEBUG] Path notebook/js/mathjaxutils.js served from /Users/robynmarowitz/miniconda3/envs/earth-analytics-python/lib/python3.8/site-packages/notebook/static/notebook/js/mathjaxutils.js
[NotebookApp | DEBUG] 200 GET /static/notebook/js/mathjaxutils.js?v=20230413113634 (::1) 1.250000ms
[NotebookApp | DEBUG] Path components/codemirror/addon/runmode/runmode.js served from /Users/robynmarowitz/miniconda3/envs/earth-analytics-python/lib/python3.8/site-packages/notebook/static/components/codemirror/addon/runmode/runmode.js
[NotebookApp | DEBUG] 200 GET /static/components/codemirror/addon/runmode/runmode.js?v=20230413113634 (::1) 1.490000ms
[NotebookApp | DEBUG] Path components/codemirror/mode/gfm/gfm.js served from /Users/robynmarowitz/miniconda3/envs/earth-analytics-python/lib/python3.8/site-packages/notebook/static/components/codemirror/mode/gfm/gfm.js
[NotebookApp | DEBUG] 200 GET /static/components/codemirror/mode/gfm/gfm.js?v=20230413113634 (::1) 1.080000ms
[NotebookApp | DEBUG] Path notebook/js/codemirror-ipython.js served from /Users/robynmarowitz/miniconda3/envs/earth-analytics-python/lib/python3.8/site-packages/notebook/static/notebook/js/codemirror-ipython.js
[NotebookApp | DEBUG] 200 GET /static/notebook/js/codemirror-ipython.js?v=20230413113634 (::1) 1.740000ms
[NotebookApp | DEBUG] Path notebook/js/codemirror-ipythongfm.js served from /Users/robynmarowitz/miniconda3/envs/earth-analytics-python/lib/python3.8/site-packages/notebook/static/notebook/js/codemirror-ipythongfm.js
[NotebookApp | DEBUG] 200 GET /static/notebook/js/codemirror-ipythongfm.js?v=20230413113634 (::1) 1.320000ms
[NotebookApp | DEBUG] Path notebook/js/quickhelp.js served from /Users/robynmarowitz/miniconda3/envs/earth-analytics-python/lib/python3.8/site-packages/notebook/static/notebook/js/quickhelp.js
[NotebookApp | DEBUG] 200 GET /static/notebook/js/quickhelp.js?v=20230413113634 (::1) 1.090000ms
[NotebookApp | DEBUG] Path assignment_list/assignment_list.css served from /Users/robynmarowitz/miniconda3/envs/earth-analytics-python/share/jupyter/nbextensions/assignment_list/assignment_list.css
[NotebookApp | DEBUG] 304 GET /nbextensions/assignment_list/assignment_list.css (::1) 1.480000ms
[NotebookApp | DEBUG] Path nbextensions_configurator/kse_components.js served from /Users/robynmarowitz/miniconda3/envs/earth-analytics-python/lib/python3.8/site-packages/jupyter_nbextensions_configurator/static/nbextensions_configurator/kse_components.js
[NotebookApp | DEBUG] 200 GET /nbextensions/nbextensions_configurator/kse_components.js?v=20230413113634 (::1) 1.750000ms
[NotebookApp | DEBUG] Path components/sanitizer/index.js served from /Users/robynmarowitz/miniconda3/envs/earth-analytics-python/lib/python3.8/site-packages/notebook/static/components/sanitizer/index.js
[NotebookApp | DEBUG] 200 GET /static/components/sanitizer/index.js?v=20230413113634 (::1) 3.300000ms
[NotebookApp | DEBUG] 200 GET /nbgrader_version?version=0.5.5&_=1681407396822 (::1) 3.540000ms
[NotebookApp | DEBUG] Path components/jquery-ui/jquery-ui.min.js served from /Users/robynmarowitz/miniconda3/envs/earth-analytics-python/lib/python3.8/site-packages/notebook/static/components/jquery-ui/jquery-ui.min.js
[NotebookApp | DEBUG] 200 GET /static/components/jquery-ui/jquery-ui.min.js?v=20230413113634 (::1) 4.010000ms
[NotebookApp | DEBUG] Path base/js/mathjaxutils.js served from /Users/robynmarowitz/miniconda3/envs/earth-analytics-python/lib/python3.8/site-packages/notebook/static/base/js/mathjaxutils.js
[NotebookApp | DEBUG] 200 GET /static/base/js/mathjaxutils.js?v=20230413113634 (::1) 4.280000ms
[NotebookApp | DEBUG] Path components/codemirror/mode/markdown/markdown.js served from /Users/robynmarowitz/miniconda3/envs/earth-analytics-python/lib/python3.8/site-packages/notebook/static/components/codemirror/mode/markdown/markdown.js
[NotebookApp | DEBUG] 200 GET /static/components/codemirror/mode/markdown/markdown.js?v=20230413113634 (::1) 1.980000ms
[NotebookApp | DEBUG] Path components/codemirror/addon/mode/overlay.js served from /Users/robynmarowitz/miniconda3/envs/earth-analytics-python/lib/python3.8/site-packages/notebook/static/components/codemirror/addon/mode/overlay.js
[NotebookApp | DEBUG] 200 GET /static/components/codemirror/addon/mode/overlay.js?v=20230413113634 (::1) 2.120000ms
[NotebookApp | DEBUG] Path components/codemirror/addon/mode/multiplex.js served from /Users/robynmarowitz/miniconda3/envs/earth-analytics-python/lib/python3.8/site-packages/notebook/static/components/codemirror/addon/mode/multiplex.js
[NotebookApp | DEBUG] 200 GET /static/components/codemirror/addon/mode/multiplex.js?v=20230413113634 (::1) 2.840000ms
[NotebookApp | DEBUG] Path components/codemirror/mode/python/python.js served from /Users/robynmarowitz/miniconda3/envs/earth-analytics-python/lib/python3.8/site-packages/notebook/static/components/codemirror/mode/python/python.js
[NotebookApp | DEBUG] 200 GET /static/components/codemirror/mode/python/python.js?v=20230413113634 (::1) 3.110000ms
[NotebookApp | DEBUG] Path components/codemirror/mode/stex/stex.js served from /Users/robynmarowitz/miniconda3/envs/earth-analytics-python/lib/python3.8/site-packages/notebook/static/components/codemirror/mode/stex/stex.js
[NotebookApp | DEBUG] 200 GET /static/components/codemirror/mode/stex/stex.js?v=20230413113634 (::1) 2.080000ms
[NotebookApp | DEBUG] Path nbextensions_configurator/quickhelp_shim.js served from /Users/robynmarowitz/miniconda3/envs/earth-analytics-python/lib/python3.8/site-packages/jupyter_nbextensions_configurator/static/nbextensions_configurator/quickhelp_shim.js
[NotebookApp | DEBUG] 200 GET /nbextensions/nbextensions_configurator/quickhelp_shim.js?v=20230413113634 (::1) 1.000000ms
[NotebookApp | DEBUG] Path components/codemirror/mode/xml/xml.js served from /Users/robynmarowitz/miniconda3/envs/earth-analytics-python/lib/python3.8/site-packages/notebook/static/components/codemirror/mode/xml/xml.js
[NotebookApp | DEBUG] 200 GET /static/components/codemirror/mode/xml/xml.js?v=20230413113634 (::1) 0.900000ms
[NotebookApp | DEBUG] Path nbextensions_configurator/main.css served from /Users/robynmarowitz/miniconda3/envs/earth-analytics-python/lib/python3.8/site-packages/jupyter_nbextensions_configurator/static/nbextensions_configurator/main.css
[NotebookApp | DEBUG] 200 GET /nbextensions/nbextensions_configurator/main.css?v=20230413113634 (::1) 0.820000ms
[NotebookApp | DEBUG] Path nbextensions_configurator/render/rendermd.css served from /Users/robynmarowitz/miniconda3/envs/earth-analytics-python/lib/python3.8/site-packages/jupyter_nbextensions_configurator/static/nbextensions_configurator/render/rendermd.css
[NotebookApp | DEBUG] 200 GET /nbextensions/nbextensions_configurator/render/rendermd.css?v=20230413113634 (::1) 0.800000ms
[NotebookApp | DEBUG] Paths used for configuration of notebook: 
    	/etc/jupyter/nbconfig/notebook.json
[NotebookApp | DEBUG] Paths used for configuration of notebook: 
    	/usr/local/etc/jupyter/nbconfig/notebook.json
[NotebookApp | DEBUG] Paths used for configuration of notebook: 
    	/Users/robynmarowitz/miniconda3/envs/earth-analytics-python/etc/jupyter/nbconfig/notebook.d/jupyterlab-plotly.json
    	/Users/robynmarowitz/miniconda3/envs/earth-analytics-python/etc/jupyter/nbconfig/notebook.d/nbextension.json
    	/Users/robynmarowitz/miniconda3/envs/earth-analytics-python/etc/jupyter/nbconfig/notebook.d/widgetsnbextension.json
    	/Users/robynmarowitz/miniconda3/envs/earth-analytics-python/etc/jupyter/nbconfig/notebook.json
[NotebookApp | DEBUG] Paths used for configuration of notebook: 
    	/Users/robynmarowitz/.local/etc/jupyter/nbconfig/notebook.json
[NotebookApp | DEBUG] Paths used for configuration of notebook: 
    	/Users/robynmarowitz/.jupyter/nbconfig/notebook.json
[NotebookApp | DEBUG] 200 GET /api/config/notebook?_=1681407396823 (::1) 3.360000ms
[NotebookApp | DEBUG] Paths used for configuration of notebook: 
    	/etc/jupyter/nbconfig/notebook.json
[NotebookApp | DEBUG] Paths used for configuration of notebook: 
    	/usr/local/etc/jupyter/nbconfig/notebook.json
[NotebookApp | DEBUG] Paths used for configuration of notebook: 
    	/Users/robynmarowitz/miniconda3/envs/earth-analytics-python/etc/jupyter/nbconfig/notebook.d/jupyterlab-plotly.json
    	/Users/robynmarowitz/miniconda3/envs/earth-analytics-python/etc/jupyter/nbconfig/notebook.d/nbextension.json
    	/Users/robynmarowitz/miniconda3/envs/earth-analytics-python/etc/jupyter/nbconfig/notebook.d/widgetsnbextension.json
    	/Users/robynmarowitz/miniconda3/envs/earth-analytics-python/etc/jupyter/nbconfig/notebook.json
[NotebookApp | DEBUG] Paths used for configuration of notebook: 
    	/Users/robynmarowitz/.local/etc/jupyter/nbconfig/notebook.json
[NotebookApp | DEBUG] Paths used for configuration of notebook: 
    	/Users/robynmarowitz/.jupyter/nbconfig/notebook.json
[NotebookApp | DEBUG] 200 GET /api/config/notebook?_=1681407396824 (::1) 2.000000ms
[NotebookApp | DEBUG] Paths used for configuration of edit: 
    	/etc/jupyter/nbconfig/edit.json
[NotebookApp | DEBUG] Paths used for configuration of edit: 
    	/usr/local/etc/jupyter/nbconfig/edit.json
[NotebookApp | DEBUG] Paths used for configuration of edit: 
    	/Users/robynmarowitz/miniconda3/envs/earth-analytics-python/etc/jupyter/nbconfig/edit.json
[NotebookApp | DEBUG] Paths used for configuration of edit: 
    	/Users/robynmarowitz/.local/etc/jupyter/nbconfig/edit.json
[NotebookApp | DEBUG] Paths used for configuration of edit: 
    	/Users/robynmarowitz/.jupyter/nbconfig/edit.json
[NotebookApp | DEBUG] 200 GET /api/config/edit?_=1681407396825 (::1) 2.060000ms
[NotebookApp | DEBUG] Paths used for configuration of edit: 
    	/etc/jupyter/nbconfig/edit.json
[NotebookApp | DEBUG] Paths used for configuration of edit: 
    	/usr/local/etc/jupyter/nbconfig/edit.json
[NotebookApp | DEBUG] Paths used for configuration of edit: 
    	/Users/robynmarowitz/miniconda3/envs/earth-analytics-python/etc/jupyter/nbconfig/edit.json
[NotebookApp | DEBUG] Paths used for configuration of edit: 
    	/Users/robynmarowitz/.local/etc/jupyter/nbconfig/edit.json
[NotebookApp | DEBUG] Paths used for configuration of edit: 
    	/Users/robynmarowitz/.jupyter/nbconfig/edit.json
[NotebookApp | DEBUG] 200 GET /api/config/edit?_=1681407396826 (::1) 2.800000ms
[NotebookApp | DEBUG] Paths used for configuration of tree: 
    	/etc/jupyter/nbconfig/tree.json
[NotebookApp | DEBUG] Paths used for configuration of tree: 
    	/usr/local/etc/jupyter/nbconfig/tree.json
[NotebookApp | DEBUG] Paths used for configuration of tree: 
    	/Users/robynmarowitz/miniconda3/envs/earth-analytics-python/etc/jupyter/nbconfig/tree.json
[NotebookApp | DEBUG] Paths used for configuration of tree: 
    	/Users/robynmarowitz/.local/etc/jupyter/nbconfig/tree.json
[NotebookApp | DEBUG] Paths used for configuration of tree: 
    	/Users/robynmarowitz/.jupyter/nbconfig/tree.json
[NotebookApp | DEBUG] 200 GET /api/config/tree?_=1681407396827 (::1) 3.670000ms
[NotebookApp | DEBUG] Paths used for configuration of tree: 
    	/etc/jupyter/nbconfig/tree.json
[NotebookApp | DEBUG] Paths used for configuration of tree: 
    	/usr/local/etc/jupyter/nbconfig/tree.json
[NotebookApp | DEBUG] Paths used for configuration of tree: 
    	/Users/robynmarowitz/miniconda3/envs/earth-analytics-python/etc/jupyter/nbconfig/tree.json
[NotebookApp | DEBUG] Paths used for configuration of tree: 
    	/Users/robynmarowitz/.local/etc/jupyter/nbconfig/tree.json
[NotebookApp | DEBUG] Paths used for configuration of tree: 
    	/Users/robynmarowitz/.jupyter/nbconfig/tree.json
[NotebookApp | DEBUG] 200 GET /api/config/tree?_=1681407396828 (::1) 4.570000ms
[NotebookApp | DEBUG] Paths used for configuration of common: 
    	/etc/jupyter/nbconfig/common.json
[NotebookApp | DEBUG] Paths used for configuration of common: 
    	/usr/local/etc/jupyter/nbconfig/common.json
[NotebookApp | DEBUG] Paths used for configuration of common: 
    	/Users/robynmarowitz/miniconda3/envs/earth-analytics-python/etc/jupyter/nbconfig/common.json
[NotebookApp | DEBUG] Paths used for configuration of common: 
    	/Users/robynmarowitz/.local/etc/jupyter/nbconfig/common.json
[NotebookApp | DEBUG] Paths used for configuration of common: 
    	/Users/robynmarowitz/.jupyter/nbconfig/common.json
[NotebookApp | DEBUG] 200 GET /api/config/common?_=1681407396829 (::1) 5.710000ms
[NotebookApp | DEBUG] Paths used for configuration of common: 
    	/etc/jupyter/nbconfig/common.json
[NotebookApp | DEBUG] Paths used for configuration of common: 
    	/usr/local/etc/jupyter/nbconfig/common.json
[NotebookApp | DEBUG] Paths used for configuration of common: 
    	/Users/robynmarowitz/miniconda3/envs/earth-analytics-python/etc/jupyter/nbconfig/common.json
[NotebookApp | DEBUG] Paths used for configuration of common: 
    	/Users/robynmarowitz/.local/etc/jupyter/nbconfig/common.json
[NotebookApp | DEBUG] Paths used for configuration of common: 
    	/Users/robynmarowitz/.jupyter/nbconfig/common.json
[NotebookApp | DEBUG] 200 GET /api/config/common?_=1681407396830 (::1) 1.710000ms
[NotebookApp | DEBUG] [jupyter_nbextensions_configurator] Looking for nbextension yaml descriptor files in /Users/robynmarowitz/Library/Jupyter/nbextensions
[NotebookApp | DEBUG] [jupyter_nbextensions_configurator] Looking for nbextension yaml descriptor files in /Users/robynmarowitz/.local/share/jupyter/nbextensions
[NotebookApp | DEBUG] [jupyter_nbextensions_configurator] Looking for nbextension yaml descriptor files in /Users/robynmarowitz/miniconda3/envs/earth-analytics-python/share/jupyter/nbextensions
[NotebookApp | DEBUG] [jupyter_nbextensions_configurator] Found nbextension 'Rubberband' in rubberband/rubberband.yaml
[NotebookApp | DEBUG] [jupyter_nbextensions_configurator] Found nbextension 'ScrollDown' in scroll_down/config.yaml
[NotebookApp | DEBUG] [jupyter_nbextensions_configurator] Found nbextension 'Hinterland' in hinterland/hinterland.yaml
[NotebookApp | DEBUG] [jupyter_nbextensions_configurator] Found nbextension 'Snippets' in snippets/snippets.yaml
[NotebookApp | DEBUG] [jupyter_nbextensions_configurator] Found nbextension 'Toggle all line numbers' in toggle_all_line_numbers/main.yaml
[NotebookApp | DEBUG] [jupyter_nbextensions_configurator] Found nbextension 'Notify' in notify/notify.yaml
[NotebookApp | DEBUG] [jupyter_nbextensions_configurator] Found nbextension 'Runtools' in runtools/runtools.yaml
[NotebookApp | DEBUG] [jupyter_nbextensions_configurator] Found nbextension 'Tree Filter' in tree-filter/tree-filter.yaml
[NotebookApp | DEBUG] [jupyter_nbextensions_configurator] Found nbextension 'table_beautifier' in table_beautifier/table_beautifier.yaml
[NotebookApp | DEBUG] [jupyter_nbextensions_configurator] Found nbextension 'Freeze' in freeze/config.yaml
[NotebookApp | DEBUG] [jupyter_nbextensions_configurator] Found nbextension 'Exercise2' in exercise2/exercise2.yaml
[NotebookApp | DEBUG] [jupyter_nbextensions_configurator] Found nbextension 'Execution Dependencies' in execution_dependencies/execution_dependencies.yml
[NotebookApp | DEBUG] [jupyter_nbextensions_configurator] Found nbextension 'SKILL Syntax' in skill/skill.yaml
[NotebookApp | DEBUG] [jupyter_nbextensions_configurator] Found nbextension 'Split Cells Notebook' in splitcell/splitcell.yaml
[NotebookApp | DEBUG] [jupyter_nbextensions_configurator] Found nbextension 'AutoSaveTime' in autosavetime/autosavetime.yaml
[NotebookApp | DEBUG] [jupyter_nbextensions_configurator] Found nbextension 'Select CodeMirror Keymap' in select_keymap/select_keymap.yaml
[NotebookApp | DEBUG] [jupyter_nbextensions_configurator] Found nbextension 'Live Markdown Preview' in livemdpreview/livemdpreview.yml
[NotebookApp | DEBUG] [jupyter_nbextensions_configurator] Found nbextension 'Gist-it' in gist_it/gist_it.yaml
[NotebookApp | DEBUG] [jupyter_nbextensions_configurator] Found nbextension 'Cell Filter' in cell_filter/cell_filter.yml
[NotebookApp | DEBUG] [jupyter_nbextensions_configurator] Found nbextension 'Scratchpad' in scratchpad/scratchpad.yaml
[NotebookApp | DEBUG] [jupyter_nbextensions_configurator] Found nbextension 'Table of Contents (2)' in toc2/toc2.yaml
[NotebookApp | DEBUG] [jupyter_nbextensions_configurator] Found nbextension 'nbTranslate' in nbTranslate/nbTranslate.yaml
[NotebookApp | DEBUG] [jupyter_nbextensions_configurator] Found nbextension 'Equation Auto Numbering' in equation-numbering/info.yaml
[NotebookApp | DEBUG] [jupyter_nbextensions_configurator] Found nbextension 'Navigation-Hotkeys' in navigation-hotkeys/hotkeys.yaml
[NotebookApp | DEBUG] [jupyter_nbextensions_configurator] Found nbextension 'Snippets Menu' in snippets_menu/config.yaml
[NotebookApp | DEBUG] [jupyter_nbextensions_configurator] Found nbextension 'Printview' in printview/printview.yaml
[NotebookApp | DEBUG] [jupyter_nbextensions_configurator] Found nbextension 'Export Embedded HTML' in export_embedded/export_embedded.yaml
[NotebookApp | DEBUG] [jupyter_nbextensions_configurator] Found nbextension 'Autoscroll' in autoscroll/autoscroll.yaml
[NotebookApp | DEBUG] [jupyter_nbextensions_configurator] Found nbextension 'Hide input' in hide_input/hide-input.yaml
[NotebookApp | DEBUG] [jupyter_nbextensions_configurator] Found nbextension 'Hide input all' in hide_input_all/hide_input_all.yaml
[NotebookApp | DEBUG] [jupyter_nbextensions_configurator] Found nbextension 'Keyboard shortcut editor' in keyboard_shortcut_editor/keyboard_shortcut_editor.yaml
[NotebookApp | DEBUG] [jupyter_nbextensions_configurator] Found nbextension 'Help panel' in help_panel/help_panel.yaml
[NotebookApp | DEBUG] [jupyter_nbextensions_configurator] Found nbextension 'Move selected cells' in move_selected_cells/move_selected_cells.yaml
[NotebookApp | DEBUG] [jupyter_nbextensions_configurator] Found nbextension 'zenmode' in zenmode/zenmode.yaml
[NotebookApp | DEBUG] [jupyter_nbextensions_configurator] Found nbextension 'Skip-Traceback' in skip-traceback/skip-traceback.yaml
[NotebookApp | DEBUG] [jupyter_nbextensions_configurator] Found nbextension 'Python Markdown' in python-markdown/python-markdown.yaml
[NotebookApp | DEBUG] [jupyter_nbextensions_configurator] Found nbextension 'Codefolding in Editor' in codefolding/codefolding_editor.yaml
[NotebookApp | DEBUG] [jupyter_nbextensions_configurator] Found nbextension 'Codefolding' in codefolding/codefolding.yaml
[NotebookApp | DEBUG] [jupyter_nbextensions_configurator] Found nbextension 'Collapsible Headings' in collapsible_headings/collapsible_headings.yaml
[NotebookApp | DEBUG] [jupyter_nbextensions_configurator] Found nbextension 'Exercise' in exercise/exercise.yaml
[NotebookApp | DEBUG] [jupyter_nbextensions_configurator] Found nbextension 'CodeMirror mode extensions' in codemirror_mode_extensions/codemirror_mode_extensions.yaml
[NotebookApp | DEBUG] [jupyter_nbextensions_configurator] Found nbextension 'Ruler in Editor' in ruler/ruler_editor.yaml
[NotebookApp | DEBUG] [jupyter_nbextensions_configurator] Found nbextension 'Ruler' in ruler/ruler.yaml
[NotebookApp | DEBUG] [jupyter_nbextensions_configurator] Found nbextension 'Highlight selected word' in highlight_selected_word/configurator.yaml
[NotebookApp | DEBUG] [jupyter_nbextensions_configurator] Found nbextension 'contrib_nbextensions_help_item' in contrib_nbextensions_help_item/contrib_nbextensions_help_item.yaml
[NotebookApp | DEBUG] [jupyter_nbextensions_configurator] Found nbextension 'datestamper' in datestamper/main.yaml
[NotebookApp | DEBUG] [jupyter_nbextensions_configurator] Found nbextension 'Initialization cells' in init_cell/init_cell.yaml
[NotebookApp | DEBUG] [jupyter_nbextensions_configurator] Found nbextension 'Limit Output' in limit_output/limit-output.yaml
[NotebookApp | DEBUG] [jupyter_nbextensions_configurator] Found nbextension 'Launch QTConsole' in qtconsole/qtconsole.yaml
[NotebookApp | DEBUG] [jupyter_nbextensions_configurator] Found nbextension 'AddBefore' in addbefore/addbefore.yaml
[NotebookApp | DEBUG] [jupyter_nbextensions_configurator] Found nbextension 'highlighter' in highlighter/highlighter.yaml
[NotebookApp | DEBUG] [jupyter_nbextensions_configurator] Found nbextension 'Comment/Uncomment Hotkey' in comment-uncomment/comment-uncomment.yaml
[NotebookApp | DEBUG] [jupyter_nbextensions_configurator] Found nbextension 'Code Font Size' in code_font_size/code_font_size.yaml
[NotebookApp | DEBUG] [jupyter_nbextensions_configurator] Found nbextension 'Variable Inspector' in varInspector/varInspector.yaml
[NotebookApp | DEBUG] [jupyter_nbextensions_configurator] Found nbextension '(some) LaTeX environments for Jupyter' in latex_envs/latex_envs.yaml
[NotebookApp | DEBUG] [jupyter_nbextensions_configurator] Found nbextension 'ExecuteTime' in execute_time/ExecuteTime.yaml
[NotebookApp | DEBUG] [jupyter_nbextensions_configurator] Found nbextension 'spellchecker' in spellchecker/config.yaml
[NotebookApp | DEBUG] [jupyter_nbextensions_configurator] Found nbextension '2to3 Converter' in code_prettify/2to3.yaml
[NotebookApp | DEBUG] [jupyter_nbextensions_configurator] Found nbextension 'Code prettify' in code_prettify/code_prettify.yaml
[NotebookApp | DEBUG] [jupyter_nbextensions_configurator] Found nbextension 'Autopep8' in code_prettify/autopep8.yaml
[NotebookApp | DEBUG] [jupyter_nbextensions_configurator] Found nbextension 'isort formatter' in code_prettify/isort.yaml
[NotebookApp | DEBUG] [jupyter_nbextensions_configurator] Found nbextension 'Load TeX macros' in load_tex_macros/load_tex_macros.yaml
[NotebookApp | DEBUG] [jupyter_nbextensions_configurator] Found nbextension 'Hide Header' in hide_header/hide_header.yaml
[NotebookApp | DEBUG] [jupyter_nbextensions_configurator] Looking for nbextension yaml descriptor files in /usr/local/share/jupyter/nbextensions
[NotebookApp | DEBUG] [jupyter_nbextensions_configurator] Looking for nbextension yaml descriptor files in /usr/share/jupyter/nbextensions
[NotebookApp | DEBUG] [jupyter_nbextensions_configurator] Looking for nbextension yaml descriptor files in /Users/robynmarowitz/.ipython/nbextensions
[NotebookApp | DEBUG] [jupyter_nbextensions_configurator] Looking for nbextension yaml descriptor files in /Users/robynmarowitz/miniconda3/envs/earth-analytics-python/lib/python3.8/site-packages/jupyter_nbextensions_configurator/static
[NotebookApp | DEBUG] [jupyter_nbextensions_configurator] Found nbextension 'Nbextensions edit menu item' in nbextensions_configurator/config_menu/config_menu.yaml
[NotebookApp | DEBUG] [jupyter_nbextensions_configurator] Found nbextension 'Nbextensions dashboard tab' in nbextensions_configurator/tree_tab/tree_tab.yaml
[NotebookApp | DEBUG] 200 GET /nbextensions/nbextensions_configurator/list?_=1681407396831 (::1) 24.300000ms
[NotebookApp | DEBUG] Path zenmode/README.md served from /Users/robynmarowitz/miniconda3/envs/earth-analytics-python/share/jupyter/nbextensions/zenmode/README.md
[NotebookApp | DEBUG] 304 GET /nbextensions/zenmode/README.md (::1) 0.680000ms
[NotebookApp | INFO] Creating new notebook in 
[NotebookApp | DEBUG] Saving /Users/robynmarowitz/earth-analytics/seafloor-objects/Untitled.ipynb
[NotebookApp | DEBUG] 201 POST /api/contents (::1) 53.840000ms
[NotebookApp | DEBUG] Using contents: services/contents
[NotebookApp | DEBUG] Path base/images/favicon-notebook.ico served from /Users/robynmarowitz/miniconda3/envs/earth-analytics-python/lib/python3.8/site-packages/notebook/static/base/images/favicon-notebook.ico
[NotebookApp | DEBUG] Path components/bootstrap-tour/build/css/bootstrap-tour.min.css served from /Users/robynmarowitz/miniconda3/envs/earth-analytics-python/lib/python3.8/site-packages/notebook/static/components/bootstrap-tour/build/css/bootstrap-tour.min.css
[NotebookApp | DEBUG] Path components/codemirror/lib/codemirror.css served from /Users/robynmarowitz/miniconda3/envs/earth-analytics-python/lib/python3.8/site-packages/notebook/static/components/codemirror/lib/codemirror.css
[NotebookApp | DEBUG] Path notebook/css/override.css served from /Users/robynmarowitz/miniconda3/envs/earth-analytics-python/lib/python3.8/site-packages/notebook/static/notebook/css/override.css
[NotebookApp | WARNING] Config option `template_path` not recognized by `ExporterCollapsibleHeadings`.  Did you mean one of: `extra_template_paths, template_name, template_paths`?
[NotebookApp | DEBUG] Paths used for configuration of notebook: 
    	/etc/jupyter/nbconfig/notebook.json
[NotebookApp | DEBUG] Paths used for configuration of notebook: 
    	/usr/local/etc/jupyter/nbconfig/notebook.json
[NotebookApp | DEBUG] Paths used for configuration of notebook: 
    	/Users/robynmarowitz/miniconda3/envs/earth-analytics-python/etc/jupyter/nbconfig/notebook.d/jupyterlab-plotly.json
    	/Users/robynmarowitz/miniconda3/envs/earth-analytics-python/etc/jupyter/nbconfig/notebook.d/nbextension.json
    	/Users/robynmarowitz/miniconda3/envs/earth-analytics-python/etc/jupyter/nbconfig/notebook.d/widgetsnbextension.json
    	/Users/robynmarowitz/miniconda3/envs/earth-analytics-python/etc/jupyter/nbconfig/notebook.json
[NotebookApp | DEBUG] Paths used for configuration of notebook: 
    	/Users/robynmarowitz/.local/etc/jupyter/nbconfig/notebook.json
[NotebookApp | DEBUG] Paths used for configuration of notebook: 
    	/Users/robynmarowitz/.jupyter/nbconfig/notebook.json
[NotebookApp | WARNING] Config option `template_path` not recognized by `ExporterCollapsibleHeadings`.  Did you mean one of: `extra_template_paths, template_name, template_paths`?
[NotebookApp | DEBUG] Paths used for configuration of notebook: 
    	/etc/jupyter/nbconfig/notebook.json
[NotebookApp | DEBUG] Paths used for configuration of notebook: 
    	/usr/local/etc/jupyter/nbconfig/notebook.json
[NotebookApp | DEBUG] Paths used for configuration of notebook: 
    	/Users/robynmarowitz/miniconda3/envs/earth-analytics-python/etc/jupyter/nbconfig/notebook.d/jupyterlab-plotly.json
    	/Users/robynmarowitz/miniconda3/envs/earth-analytics-python/etc/jupyter/nbconfig/notebook.d/nbextension.json
    	/Users/robynmarowitz/miniconda3/envs/earth-analytics-python/etc/jupyter/nbconfig/notebook.d/widgetsnbextension.json
    	/Users/robynmarowitz/miniconda3/envs/earth-analytics-python/etc/jupyter/nbconfig/notebook.json
[NotebookApp | DEBUG] Paths used for configuration of notebook: 
    	/Users/robynmarowitz/.local/etc/jupyter/nbconfig/notebook.json
[NotebookApp | DEBUG] Paths used for configuration of notebook: 
    	/Users/robynmarowitz/.jupyter/nbconfig/notebook.json
[NotebookApp | WARNING] Config option `template_path` not recognized by `TocExporter`.  Did you mean one of: `extra_template_paths, template_name, template_paths`?
[NotebookApp | WARNING] Config option `template_path` not recognized by `TocExporter`.  Did you mean one of: `extra_template_paths, template_name, template_paths`?
[NotebookApp | WARNING] Config option `template_path` not recognized by `LenvsHTMLExporter`.  Did you mean one of: `extra_template_paths, template_name, template_paths`?
[NotebookApp | WARNING] Config option `template_path` not recognized by `LenvsHTMLExporter`.  Did you mean one of: `extra_template_paths, template_name, template_paths`?
[NotebookApp | WARNING] Config option `template_path` not recognized by `LenvsTocHTMLExporter`.  Did you mean one of: `extra_template_paths, template_name, template_paths`?
[NotebookApp | WARNING] Config option `template_path` not recognized by `LenvsTocHTMLExporter`.  Did you mean one of: `extra_template_paths, template_name, template_paths`?
[NotebookApp | WARNING] Config option `template_path` not recognized by `LenvsLatexExporter`.  Did you mean one of: `extra_template_paths, template_name, template_paths`?
[NotebookApp | WARNING] Config option `template_path` not recognized by `LenvsLatexExporter`.  Did you mean one of: `extra_template_paths, template_name, template_paths`?
[NotebookApp | WARNING] Config option `template_path` not recognized by `LenvsSlidesExporter`.  Did you mean one of: `extra_template_paths, template_name, template_paths`?
[NotebookApp | WARNING] Config option `template_path` not recognized by `LenvsSlidesExporter`.  Did you mean one of: `extra_template_paths, template_name, template_paths`?
[NotebookApp | WARNING] Config option `template_path` not recognized by `ExporterCollapsibleHeadings`.  Did you mean one of: `extra_template_paths, template_name, template_paths`?
[NotebookApp | DEBUG] Paths used for configuration of notebook: 
    	/etc/jupyter/nbconfig/notebook.json
[NotebookApp | DEBUG] Paths used for configuration of notebook: 
    	/usr/local/etc/jupyter/nbconfig/notebook.json
[NotebookApp | DEBUG] Paths used for configuration of notebook: 
    	/Users/robynmarowitz/miniconda3/envs/earth-analytics-python/etc/jupyter/nbconfig/notebook.d/jupyterlab-plotly.json
    	/Users/robynmarowitz/miniconda3/envs/earth-analytics-python/etc/jupyter/nbconfig/notebook.d/nbextension.json
    	/Users/robynmarowitz/miniconda3/envs/earth-analytics-python/etc/jupyter/nbconfig/notebook.d/widgetsnbextension.json
    	/Users/robynmarowitz/miniconda3/envs/earth-analytics-python/etc/jupyter/nbconfig/notebook.json
[NotebookApp | DEBUG] Paths used for configuration of notebook: 
    	/Users/robynmarowitz/.local/etc/jupyter/nbconfig/notebook.json
[NotebookApp | DEBUG] Paths used for configuration of notebook: 
    	/Users/robynmarowitz/.jupyter/nbconfig/notebook.json
[NotebookApp | WARNING] Config option `template_path` not recognized by `ExporterCollapsibleHeadings`.  Did you mean one of: `extra_template_paths, template_name, template_paths`?
[NotebookApp | DEBUG] Paths used for configuration of notebook: 
    	/etc/jupyter/nbconfig/notebook.json
[NotebookApp | DEBUG] Paths used for configuration of notebook: 
    	/usr/local/etc/jupyter/nbconfig/notebook.json
[NotebookApp | DEBUG] Paths used for configuration of notebook: 
    	/Users/robynmarowitz/miniconda3/envs/earth-analytics-python/etc/jupyter/nbconfig/notebook.d/jupyterlab-plotly.json
    	/Users/robynmarowitz/miniconda3/envs/earth-analytics-python/etc/jupyter/nbconfig/notebook.d/nbextension.json
    	/Users/robynmarowitz/miniconda3/envs/earth-analytics-python/etc/jupyter/nbconfig/notebook.d/widgetsnbextension.json
    	/Users/robynmarowitz/miniconda3/envs/earth-analytics-python/etc/jupyter/nbconfig/notebook.json
[NotebookApp | DEBUG] Paths used for configuration of notebook: 
    	/Users/robynmarowitz/.local/etc/jupyter/nbconfig/notebook.json
[NotebookApp | DEBUG] Paths used for configuration of notebook: 
    	/Users/robynmarowitz/.jupyter/nbconfig/notebook.json
[NotebookApp | WARNING] Config option `template_path` not recognized by `TocExporter`.  Did you mean one of: `extra_template_paths, template_name, template_paths`?
[NotebookApp | WARNING] Config option `template_path` not recognized by `TocExporter`.  Did you mean one of: `extra_template_paths, template_name, template_paths`?
[NotebookApp | WARNING] Config option `template_path` not recognized by `LenvsHTMLExporter`.  Did you mean one of: `extra_template_paths, template_name, template_paths`?
[NotebookApp | WARNING] Config option `template_path` not recognized by `LenvsHTMLExporter`.  Did you mean one of: `extra_template_paths, template_name, template_paths`?
[NotebookApp | WARNING] Config option `template_path` not recognized by `LenvsTocHTMLExporter`.  Did you mean one of: `extra_template_paths, template_name, template_paths`?
[NotebookApp | WARNING] Config option `template_path` not recognized by `LenvsTocHTMLExporter`.  Did you mean one of: `extra_template_paths, template_name, template_paths`?
[NotebookApp | WARNING] Config option `template_path` not recognized by `LenvsLatexExporter`.  Did you mean one of: `extra_template_paths, template_name, template_paths`?
[NotebookApp | WARNING] Config option `template_path` not recognized by `LenvsLatexExporter`.  Did you mean one of: `extra_template_paths, template_name, template_paths`?
[NotebookApp | WARNING] Config option `template_path` not recognized by `LenvsSlidesExporter`.  Did you mean one of: `extra_template_paths, template_name, template_paths`?
[NotebookApp | WARNING] Config option `template_path` not recognized by `LenvsSlidesExporter`.  Did you mean one of: `extra_template_paths, template_name, template_paths`?
[NotebookApp | DEBUG] Path components/text-encoding/lib/encoding.js served from /Users/robynmarowitz/miniconda3/envs/earth-analytics-python/lib/python3.8/site-packages/notebook/static/components/text-encoding/lib/encoding.js
[NotebookApp | DEBUG] Path notebook/js/main.min.js served from /Users/robynmarowitz/miniconda3/envs/earth-analytics-python/lib/python3.8/site-packages/notebook/static/notebook/js/main.min.js
[NotebookApp | DEBUG] 200 GET /notebooks/Untitled.ipynb?kernel_name=python3 (::1) 611.340000ms
[NotebookApp | DEBUG] Path components/MathJax/MathJax.js served from /Users/robynmarowitz/miniconda3/envs/earth-analytics-python/lib/python3.8/site-packages/notebook/static/components/MathJax/MathJax.js
[NotebookApp | DEBUG] 200 GET /static/components/MathJax/MathJax.js?config=TeX-AMS-MML_HTMLorMML-full,Safe&delayStartupUntil=configured (::1) 1.340000ms
[NotebookApp | DEBUG] 304 GET /custom/custom.css (::1) 0.480000ms
[NotebookApp | DEBUG] 200 GET /static/components/text-encoding/lib/encoding.js?v=737ac6f9f978afb6348b5914877e7d7136de7465cd4cdf389bad9a6b3ad5ceffbfb23febc75c23378967d7d36f98f5388208e8eb78c80f2bf47e8f8c000481ad (::1) 0.680000ms
[NotebookApp | DEBUG] 200 GET /static/notebook/js/main.min.js?v=a4e125c812cb3975203ae429a5b40d180b59b8e4602fcc78390ef4f0dd4d14ac3559189f65f23cd50fd971f98f5842b7746f4182babd20b7ca84e52314bcd4ac (::1) 4.900000ms
[NotebookApp | DEBUG] Path components/MathJax/config/TeX-AMS-MML_HTMLorMML-full.js served from /Users/robynmarowitz/miniconda3/envs/earth-analytics-python/lib/python3.8/site-packages/notebook/static/components/MathJax/config/TeX-AMS-MML_HTMLorMML-full.js
[NotebookApp | DEBUG] 200 GET /static/components/MathJax/config/TeX-AMS-MML_HTMLorMML-full.js?V=2.7.9 (::1) 1.430000ms
[NotebookApp | DEBUG] Path components/MathJax/config/Safe.js served from /Users/robynmarowitz/miniconda3/envs/earth-analytics-python/lib/python3.8/site-packages/notebook/static/components/MathJax/config/Safe.js
[NotebookApp | DEBUG] 304 GET /static/components/MathJax/config/Safe.js?V=2.7.9 (::1) 1.140000ms
[NotebookApp | DEBUG] Paths used for configuration of notebook: 
    	/etc/jupyter/nbconfig/notebook.json
[NotebookApp | DEBUG] Paths used for configuration of notebook: 
    	/usr/local/etc/jupyter/nbconfig/notebook.json
[NotebookApp | DEBUG] Paths used for configuration of notebook: 
    	/Users/robynmarowitz/miniconda3/envs/earth-analytics-python/etc/jupyter/nbconfig/notebook.d/jupyterlab-plotly.json
    	/Users/robynmarowitz/miniconda3/envs/earth-analytics-python/etc/jupyter/nbconfig/notebook.d/nbextension.json
    	/Users/robynmarowitz/miniconda3/envs/earth-analytics-python/etc/jupyter/nbconfig/notebook.d/widgetsnbextension.json
    	/Users/robynmarowitz/miniconda3/envs/earth-analytics-python/etc/jupyter/nbconfig/notebook.json
[NotebookApp | DEBUG] Paths used for configuration of notebook: 
    	/Users/robynmarowitz/.local/etc/jupyter/nbconfig/notebook.json
[NotebookApp | DEBUG] Paths used for configuration of notebook: 
    	/Users/robynmarowitz/.jupyter/nbconfig/notebook.json
[NotebookApp | DEBUG] 200 GET /api/config/notebook?_=1681407401246 (::1) 1.980000ms
[NotebookApp | DEBUG] Paths used for configuration of common: 
    	/etc/jupyter/nbconfig/common.json
[NotebookApp | DEBUG] Paths used for configuration of common: 
    	/usr/local/etc/jupyter/nbconfig/common.json
[NotebookApp | DEBUG] Paths used for configuration of common: 
    	/Users/robynmarowitz/miniconda3/envs/earth-analytics-python/etc/jupyter/nbconfig/common.json
[NotebookApp | DEBUG] Paths used for configuration of common: 
    	/Users/robynmarowitz/.local/etc/jupyter/nbconfig/common.json
[NotebookApp | DEBUG] Paths used for configuration of common: 
    	/Users/robynmarowitz/.jupyter/nbconfig/common.json
[NotebookApp | DEBUG] 200 GET /api/config/common?_=1681407401247 (::1) 1.660000ms
[NotebookApp | DEBUG] Path components/MathJax/extensions/TeX/newcommand.js served from /Users/robynmarowitz/miniconda3/envs/earth-analytics-python/lib/python3.8/site-packages/notebook/static/components/MathJax/extensions/TeX/newcommand.js
[NotebookApp | DEBUG] 304 GET /static/components/MathJax/extensions/TeX/newcommand.js?V=2.7.9 (::1) 0.780000ms
[NotebookApp | DEBUG] Path components/MathJax/extensions/TeX/begingroup.js served from /Users/robynmarowitz/miniconda3/envs/earth-analytics-python/lib/python3.8/site-packages/notebook/static/components/MathJax/extensions/TeX/begingroup.js
[NotebookApp | DEBUG] 304 GET /static/components/MathJax/extensions/TeX/begingroup.js?V=2.7.9 (::1) 1.040000ms
[NotebookApp | DEBUG] Path components/MathJax/extensions/MathML/content-mathml.js served from /Users/robynmarowitz/miniconda3/envs/earth-analytics-python/lib/python3.8/site-packages/notebook/static/components/MathJax/extensions/MathML/content-mathml.js
[NotebookApp | DEBUG] 304 GET /static/components/MathJax/extensions/MathML/content-mathml.js?V=2.7.9 (::1) 1.050000ms
[NotebookApp | DEBUG] Found kernel python3 in /Users/robynmarowitz/miniconda3/envs/earth-analytics-python/share/jupyter/kernels
[NotebookApp | DEBUG] 304 GET /api/kernelspecs (::1) 2.110000ms
[NotebookApp | DEBUG] 200 GET /api/contents/Untitled.ipynb?type=notebook&_=1681407401248 (::1) 3.160000ms
[NotebookApp | DEBUG] Path components/MathJax/jax/output/HTML-CSS/fonts/STIX-Web/fontdata.js served from /Users/robynmarowitz/miniconda3/envs/earth-analytics-python/lib/python3.8/site-packages/notebook/static/components/MathJax/jax/output/HTML-CSS/fonts/STIX-Web/fontdata.js
[NotebookApp | DEBUG] 304 GET /static/components/MathJax/jax/output/HTML-CSS/fonts/STIX-Web/fontdata.js?V=2.7.9 (::1) 2.250000ms
[NotebookApp | DEBUG] 304 GET /custom/custom.js?v=20230413113634 (::1) 1.070000ms
[NotebookApp | DEBUG] 200 GET /api/contents/Untitled.ipynb/checkpoints?_=1681407401249 (::1) 1.470000ms
[NotebookApp | DEBUG] Path components/MathJax/extensions/Safe.js served from /Users/robynmarowitz/miniconda3/envs/earth-analytics-python/lib/python3.8/site-packages/notebook/static/components/MathJax/extensions/Safe.js
[NotebookApp | DEBUG] 304 GET /static/components/MathJax/extensions/Safe.js?V=2.7.9 (::1) 1.370000ms
[NotebookApp | DEBUG] Instantiating kernel 'Python 3 (ipykernel)' with kernel provisioner: local-provisioner
[NotebookApp | DEBUG] Starting kernel: ['/Users/robynmarowitz/miniconda3/envs/earth-analytics-python/bin/python', '-m', 'ipykernel_launcher', '-f', '/Users/robynmarowitz/Library/Jupyter/runtime/kernel-d30206d7-7f03-42e6-ab9e-c2ead9f5f330.json']
[NotebookApp | DEBUG] Connecting to: tcp://127.0.0.1:61744
[NotebookApp | DEBUG] Path jupyterlab-plotly/extension.js served from /Users/robynmarowitz/miniconda3/envs/earth-analytics-python/share/jupyter/nbextensions/jupyterlab-plotly/extension.js
[NotebookApp | DEBUG] 200 GET /nbextensions/jupyterlab-plotly/extension.js?v=20230413113634 (::1) 5.250000ms
[NotebookApp | DEBUG] Path nbresuse/main.js served from /Users/robynmarowitz/miniconda3/envs/earth-analytics-python/share/jupyter/nbextensions/nbresuse/main.js
[NotebookApp | DEBUG] 200 GET /nbextensions/nbresuse/main.js?v=20230413113634 (::1) 4.850000ms
[NotebookApp | DEBUG] Path jupyter-js-widgets/extension.js served from /Users/robynmarowitz/miniconda3/envs/earth-analytics-python/share/jupyter/nbextensions/jupyter-js-widgets/extension.js
[NotebookApp | DEBUG] Path nbextensions_configurator/config_menu/main.js served from /Users/robynmarowitz/miniconda3/envs/earth-analytics-python/lib/python3.8/site-packages/jupyter_nbextensions_configurator/static/nbextensions_configurator/config_menu/main.js
[NotebookApp | DEBUG] 200 GET /nbextensions/nbextensions_configurator/config_menu/main.js?v=20230413113634 (::1) 7.850000ms
[NotebookApp | DEBUG] Path create_assignment/main.js served from /Users/robynmarowitz/miniconda3/envs/earth-analytics-python/share/jupyter/nbextensions/create_assignment/main.js
[NotebookApp | DEBUG] 200 GET /nbextensions/create_assignment/main.js?v=20230413113634 (::1) 8.180000ms
[NotebookApp | DEBUG] 200 GET /nbextensions/jupyter-js-widgets/extension.js?v=20230413113634 (::1) 9.830000ms
[NotebookApp | DEBUG] Path validate_assignment/main.js served from /Users/robynmarowitz/miniconda3/envs/earth-analytics-python/share/jupyter/nbextensions/validate_assignment/main.js
[NotebookApp | DEBUG] 200 GET /nbextensions/validate_assignment/main.js?v=20230413113634 (::1) 2.000000ms
[NotebookApp | DEBUG] Path contrib_nbextensions_help_item/main.js served from /Users/robynmarowitz/miniconda3/envs/earth-analytics-python/share/jupyter/nbextensions/contrib_nbextensions_help_item/main.js
[NotebookApp | DEBUG] 200 GET /nbextensions/contrib_nbextensions_help_item/main.js?v=20230413113634 (::1) 1.740000ms
[NotebookApp | DEBUG] 200 GET /api/metrics/v1 (::1) 6.280000ms
[NotebookApp | DEBUG] Path ruler/main.js served from /Users/robynmarowitz/miniconda3/envs/earth-analytics-python/share/jupyter/nbextensions/ruler/main.js
[NotebookApp | DEBUG] 200 GET /nbextensions/ruler/main.js?v=20230413113634 (::1) 1.150000ms
[NotebookApp | DEBUG] Path code_prettify/autopep8.js served from /Users/robynmarowitz/miniconda3/envs/earth-analytics-python/share/jupyter/nbextensions/code_prettify/autopep8.js
[NotebookApp | DEBUG] 200 GET /nbextensions/code_prettify/autopep8.js?v=20230413113634 (::1) 1.350000ms
[NotebookApp | DEBUG] Connecting to: tcp://127.0.0.1:61741
[NotebookApp | INFO] Kernel started: d30206d7-7f03-42e6-ab9e-c2ead9f5f330, name: python3
[NotebookApp | DEBUG] Kernel args: {'kernel_name': 'python3', 'cwd': '/Users/robynmarowitz/earth-analytics/seafloor-objects'}
[NotebookApp | DEBUG] Path create_assignment/create_assignment.css served from /Users/robynmarowitz/miniconda3/envs/earth-analytics-python/share/jupyter/nbextensions/create_assignment/create_assignment.css
[NotebookApp | DEBUG] 200 GET /nbextensions/create_assignment/create_assignment.css?v=20230413113634 (::1) 2.650000ms
[NotebookApp | DEBUG] Path spellchecker/main.js served from /Users/robynmarowitz/miniconda3/envs/earth-analytics-python/share/jupyter/nbextensions/spellchecker/main.js
[NotebookApp | DEBUG] 200 GET /nbextensions/spellchecker/main.js?v=20230413113634 (::1) 2.980000ms
[NotebookApp | DEBUG] Path code_prettify/kernel_exec_on_cell.js served from /Users/robynmarowitz/miniconda3/envs/earth-analytics-python/share/jupyter/nbextensions/code_prettify/kernel_exec_on_cell.js
[NotebookApp | DEBUG] 200 GET /nbextensions/code_prettify/kernel_exec_on_cell.js?v=20230413113634 (::1) 1.370000ms
[NotebookApp | DEBUG] Path components/codemirror/addon/display/rulers.js served from /Users/robynmarowitz/miniconda3/envs/earth-analytics-python/lib/python3.8/site-packages/notebook/static/components/codemirror/addon/display/rulers.js
[NotebookApp | DEBUG] 200 GET /static/components/codemirror/addon/display/rulers.js?v=20230413113634 (::1) 1.730000ms
[NotebookApp | DEBUG] 201 POST /api/sessions (::1) 80.710000ms
[NotebookApp | DEBUG] Initializing websocket connection /api/kernels/d30206d7-7f03-42e6-ab9e-c2ead9f5f330/channels
[NotebookApp | DEBUG] Requesting kernel info from d30206d7-7f03-42e6-ab9e-c2ead9f5f330
[NotebookApp | DEBUG] Connecting to: tcp://127.0.0.1:61740
[NotebookApp | DEBUG] Path spellchecker/typo/typo.js served from /Users/robynmarowitz/miniconda3/envs/earth-analytics-python/share/jupyter/nbextensions/spellchecker/typo/typo.js
[NotebookApp | DEBUG] 200 GET /nbextensions/spellchecker/typo/typo.js?v=20230413113634 (::1) 0.820000ms
[NotebookApp | DEBUG] Path spellchecker/main.css served from /Users/robynmarowitz/miniconda3/envs/earth-analytics-python/share/jupyter/nbextensions/spellchecker/main.css
[NotebookApp | DEBUG] 200 GET /nbextensions/spellchecker/main.css?v=20230413113634 (::1) 1.070000ms
[NotebookApp | DEBUG] Received kernel info: {'status': 'ok', 'protocol_version': '5.3', 'implementation': 'ipython', 'implementation_version': '8.5.0', 'language_info': {'name': 'python', 'version': '3.8.13', 'mimetype': 'text/x-python', 'codemirror_mode': {'name': 'ipython', 'version': 3}, 'pygments_lexer': 'ipython3', 'nbconvert_exporter': 'python', 'file_extension': '.py'}, 'banner': "Python 3.8.13 | packaged by conda-forge | (default, Mar 25 2022, 06:04:14) \nType 'copyright', 'credits' or 'license' for more information\nIPython 8.5.0 -- An enhanced Interactive Python. Type '?' for help.\n", 'help_links': [{'text': 'Python Reference', 'url': 'https://docs.python.org/3.8'}, {'text': 'IPython Reference', 'url': 'https://ipython.org/documentation.html'}, {'text': 'NumPy Reference', 'url': 'https://docs.scipy.org/doc/numpy/reference/'}, {'text': 'SciPy Reference', 'url': 'https://docs.scipy.org/doc/scipy/reference/'}, {'text': 'Matplotlib Reference', 'url': 'https://matplotlib.org/contents.html'}, {'text': 'SymPy Reference', 'url': 'http://docs.sympy.org/latest/index.html'}, {'text': 'pandas Reference', 'url': 'https://pandas.pydata.org/pandas-docs/stable/'}]}
[NotebookApp | DEBUG] 101 GET /api/kernels/d30206d7-7f03-42e6-ab9e-c2ead9f5f330/channels?session_id=360aee0d41714f4d90d1a33e1aae88d0 (::1) 501.900000ms
[NotebookApp | DEBUG] Opening websocket /api/kernels/d30206d7-7f03-42e6-ab9e-c2ead9f5f330/channels
[NotebookApp | DEBUG] Getting buffer for d30206d7-7f03-42e6-ab9e-c2ead9f5f330
[NotebookApp | DEBUG] Connecting to: tcp://127.0.0.1:61741
[NotebookApp | DEBUG] Connecting to: tcp://127.0.0.1:61740
[NotebookApp | DEBUG] Connecting to: tcp://127.0.0.1:61744
[NotebookApp | DEBUG] Connecting to: tcp://127.0.0.1:61742
[NotebookApp | DEBUG] Connecting to: tcp://127.0.0.1:61740
[NotebookApp | DEBUG] Connecting to: tcp://127.0.0.1:61744
[NotebookApp | DEBUG] Nudge: attempt 1 on kernel d30206d7-7f03-42e6-ab9e-c2ead9f5f330
[NotebookApp | DEBUG] Nudge: IOPub received: d30206d7-7f03-42e6-ab9e-c2ead9f5f330
[NotebookApp | DEBUG] Nudge: resolving iopub future: d30206d7-7f03-42e6-ab9e-c2ead9f5f330
[NotebookApp | DEBUG] Nudge: shell info reply received: d30206d7-7f03-42e6-ab9e-c2ead9f5f330
[NotebookApp | DEBUG] Nudge: resolving shell future: d30206d7-7f03-42e6-ab9e-c2ead9f5f330
[NotebookApp | DEBUG] Nudge: control info reply received: d30206d7-7f03-42e6-ab9e-c2ead9f5f330
[NotebookApp | DEBUG] 200 GET /api/metrics/v1 (::1) 14.660000ms
[NotebookApp | DEBUG] 304 GET /api/metrics/v1 (::1) 15.120000ms
[NotebookApp | DEBUG] Renaming checkpoint /Users/robynmarowitz/earth-analytics/seafloor-objects/.ipynb_checkpoints/Untitled-checkpoint.ipynb -> /Users/robynmarowitz/earth-analytics/seafloor-objects/.ipynb_checkpoints/ea-capstone-2023-checkpoint.ipynb
[NotebookApp | DEBUG] 200 PATCH /api/contents/Untitled.ipynb (::1) 8.150000ms
[NotebookApp | DEBUG] 200 PATCH /api/sessions/aa06a149-506f-4ab9-a1dc-ecd55f9a0687 (::1) 2.360000ms
[NotebookApp | DEBUG] 304 GET /api/metrics/v1 (::1) 14.840000ms
[NotebookApp | DEBUG] 200 GET /api/sessions?_=1681407396832 (::1) 1.570000ms
[NotebookApp | DEBUG] 200 GET /api/terminals?_=1681407396833 (::1) 0.850000ms
[NotebookApp | DEBUG] 200 GET /api/contents?type=directory&_=1681407396834 (::1) 1.960000ms
[NotebookApp | INFO] interrupted
[NotebookApp | CRITICAL] Shutdown confirmed
[NotebookApp | INFO] Shutting down 1 kernel
[NotebookApp | DEBUG] Clearing buffer for d30206d7-7f03-42e6-ab9e-c2ead9f5f330
[NotebookApp | INFO] Kernel shutdown: d30206d7-7f03-42e6-ab9e-c2ead9f5f330
[NotebookApp | DEBUG] Websocket closed d30206d7-7f03-42e6-ab9e-c2ead9f5f330:360aee0d41714f4d90d1a33e1aae88d0
[NotebookApp | INFO] Starting buffering for d30206d7-7f03-42e6-ab9e-c2ead9f5f330:360aee0d41714f4d90d1a33e1aae88d0
[NotebookApp | DEBUG] Clearing buffer for d30206d7-7f03-42e6-ab9e-c2ead9f5f330
[NotebookApp | DEBUG] Buffering msg on d30206d7-7f03-42e6-ab9e-c2ead9f5f330:iopub
[NotebookApp | DEBUG] Clearing buffer for d30206d7-7f03-42e6-ab9e-c2ead9f5f330
[NotebookApp | INFO] Discarding 1 buffered messages for d30206d7-7f03-42e6-ab9e-c2ead9f5f330:360aee0d41714f4d90d1a33e1aae88d0
[NotebookApp | INFO] Kernel shutdown: d30206d7-7f03-42e6-ab9e-c2ead9f5f330
[NotebookApp | ERROR] Uncaught exception DELETE /api/sessions/aa06a149-506f-4ab9-a1dc-ecd55f9a0687 (::1)
    HTTPServerRequest(protocol='http', host='localhost:8888', method='DELETE', uri='/api/sessions/aa06a149-506f-4ab9-a1dc-ecd55f9a0687', version='HTTP/1.1', remote_ip='::1')
    Traceback (most recent call last):
      File "/Users/robynmarowitz/miniconda3/envs/earth-analytics-python/lib/python3.8/site-packages/tornado/web.py", line 1713, in _execute
        result = await result
      File "/Users/robynmarowitz/miniconda3/envs/earth-analytics-python/lib/python3.8/site-packages/tornado/gen.py", line 776, in run
        yielded = self.gen.throw(*exc_info)  # type: ignore
      File "/Users/robynmarowitz/miniconda3/envs/earth-analytics-python/lib/python3.8/site-packages/notebook/services/sessions/handlers.py", line 164, in delete
        yield maybe_future(sm.delete_session(session_id))
      File "/Users/robynmarowitz/miniconda3/envs/earth-analytics-python/lib/python3.8/site-packages/tornado/gen.py", line 769, in run
        value = future.result()
      File "/Users/robynmarowitz/miniconda3/envs/earth-analytics-python/lib/python3.8/site-packages/tornado/gen.py", line 782, in run
        yielded = self.gen.send(value)
      File "/Users/robynmarowitz/miniconda3/envs/earth-analytics-python/lib/python3.8/site-packages/notebook/services/sessions/sessionmanager.py", line 287, in delete_session
        yield maybe_future(self.kernel_manager.shutdown_kernel(session['kernel']['id']))
      File "/Users/robynmarowitz/miniconda3/envs/earth-analytics-python/lib/python3.8/site-packages/notebook/services/kernels/kernelmanager.py", line 304, in shutdown_kernel
        self.pinned_superclass.shutdown_kernel(self, kernel_id, now=now, restart=restart)
      File "/Users/robynmarowitz/miniconda3/envs/earth-analytics-python/lib/python3.8/site-packages/jupyter_client/utils.py", line 30, in wrapped
        raise e
      File "/Users/robynmarowitz/miniconda3/envs/earth-analytics-python/lib/python3.8/site-packages/jupyter_client/utils.py", line 27, in wrapped
        return loop.run_until_complete(future)
      File "/Users/robynmarowitz/miniconda3/envs/earth-analytics-python/lib/python3.8/site-packages/nest_asyncio.py", line 89, in run_until_complete
        return f.result()
      File "/Users/robynmarowitz/miniconda3/envs/earth-analytics-python/lib/python3.8/asyncio/futures.py", line 178, in result
        raise self._exception
      File "/Users/robynmarowitz/miniconda3/envs/earth-analytics-python/lib/python3.8/asyncio/tasks.py", line 280, in __step
        result = coro.send(None)
      File "/Users/robynmarowitz/miniconda3/envs/earth-analytics-python/lib/python3.8/site-packages/jupyter_client/multikernelmanager.py", line 264, in _async_shutdown_kernel
        if not km.ready.cancelled() and km.ready.exception():
    asyncio.exceptions.InvalidStateError: Exception is not set.
[NotebookApp | WARNING] Unhandled error
[NotebookApp | ERROR] {
      "Host": "localhost:8888",
      "Accept": "application/json, text/javascript, */*; q=0.01",
      "Referer": "http://localhost:8888/notebooks/ea-capstone-2023.ipynb",
      "User-Agent": "Mozilla/5.0 (Macintosh; Intel Mac OS X 10_15_7) AppleWebKit/537.36 (KHTML, like Gecko) Chrome/108.0.0.0 Safari/537.36"
    }
[NotebookApp | ERROR] 500 DELETE /api/sessions/aa06a149-506f-4ab9-a1dc-ecd55f9a0687 (::1) 6.840000ms referer=http://localhost:8888/notebooks/ea-capstone-2023.ipynb
[NotebookApp | INFO] Shutting down 0 terminals
